<?xml version="1.0" encoding="UTF-8"?>
<testsuite xmlns:xsi="http://www.w3.org/2001/XMLSchema-instance" xsi:noNamespaceSchemaLocation="https://maven.apache.org/surefire/maven-surefire-plugin/xsd/surefire-test-report.xsd" name="cn.tedu.aeurope.mapper.ClientMapperTests" time="0.01" tests="1" errors="1" skipped="0" failures="0">
  <properties>
[...]
</properties>
  <testcase name="initializationError" classname="cn.tedu.aeurope.mapper.ClientMapperTests" time="0.008">
    <error message="Invalid test class &apos;cn.tedu.aeurope.mapper.ClientMapperTests&apos;:&#10;  1. No runnable methods" type="org.junit.runners.model.InvalidTestClassError">org.junit.runners.model.InvalidTestClassError: 
Invalid test class 'cn.tedu.aeurope.mapper.ClientMapperTests':
  1. No runnable methods
</error>
  </testcase>
</testsuite>